<testsuites id="" name="" tests="48" failures="5" skipped="2" errors="0" time="28.341524999999997">
<testsuite name="auth.setup.ts" timestamp="2025-08-29T08:39:11.845Z" hostname="setup" tests="1" failures="0" skipped="0" time="1.118" errors="0">
<testcase name="authenticate" classname="auth.setup.ts" time="1.118">
</testcase>
</testsuite>
<testsuite name="dashboard/dashboard-home.spec.ts" timestamp="2025-08-29T08:39:11.845Z" hostname="chromium" tests="7" failures="2" skipped="0" time="29.013" errors="0">
<testcase name="Dashboard Home Page › should display main dashboard elements" classname="dashboard/dashboard-home.spec.ts" time="2.432">
</testcase>
<testcase name="Dashboard Home Page › should have working navigation links" classname="dashboard/dashboard-home.spec.ts" time="9.58">
</testcase>
<testcase name="Dashboard Home Page › visual regression: dashboard home page" classname="dashboard/dashboard-home.spec.ts" time="3.049">
</testcase>
<testcase name="Dashboard Home Page › visual regression: summary statistics" classname="dashboard/dashboard-home.spec.ts" time="3.03">
</testcase>
<testcase name="Dashboard Home Page › visual regression: activity feed" classname="dashboard/dashboard-home.spec.ts" time="3.01">
</testcase>
<testcase name="Dashboard Home Page › responsive design: mobile viewport" classname="dashboard/dashboard-home.spec.ts" time="4.238">
<failure message="dashboard-home.spec.ts:87:3 responsive design: mobile viewport" type="FAILURE">
<![CDATA[  [chromium] › dashboard/dashboard-home.spec.ts:87:3 › Dashboard Home Page › responsive design: mobile viewport 

    Error: expect(page).toHaveScreenshot(expected) failed

      81387 pixels (ratio 0.33 of all image pixels) are different.

      Snapshot: dashboard-home-mobile.png

    Call log:
      - Expect "toHaveScreenshot(dashboard-home-mobile.png)" with timeout 10000ms
        - verifying given screenshot expectation
      - taking page screenshot
        - disabled all CSS animations
      - waiting for fonts to load...
      - fonts loaded
      - 81387 pixels (ratio 0.33 of all image pixels) are different.
      - waiting 100ms before taking screenshot
      - taking page screenshot
        - disabled all CSS animations
      - waiting for fonts to load...
      - fonts loaded
      - captured a stable screenshot
      - 81387 pixels (ratio 0.33 of all image pixels) are different.


       at utils/test-helpers.ts:33

      31 |
      32 |   async expectVisualRegression(name: string, options?: { threshold?: number; maxDiffPixels?: number }) {
    > 33 |     await expect(this.page).toHaveScreenshot(`${name}.png`, {
         |                             ^
      34 |       threshold: options?.threshold || 0.02,
      35 |       maxDiffPixels: options?.maxDiffPixels || 100,
      36 |     });
        at DashboardHelpers.expectVisualRegression (/Users/jmh629/Projects/Fresco/tests/e2e/utils/test-helpers.ts:33:29)
        at /Users/jmh629/Projects/Fresco/tests/e2e/dashboard/dashboard-home.spec.ts:99:28

    attachment #1: dashboard-home-mobile (image/png) ───────────────────────────────────────────────
    Expected: dashboard/dashboard-home.spec.ts-snapshots/dashboard-home-mobile-chromium-darwin.png
    Received: ../../test-results/dashboard-dashboard-home-D-47028-sive-design-mobile-viewport-chromium/dashboard-home-mobile-actual.png
    Diff:     ../../test-results/dashboard-dashboard-home-D-47028-sive-design-mobile-viewport-chromium/dashboard-home-mobile-diff.png
    ────────────────────────────────────────────────────────────────────────────────────────────────

    attachment #2: screenshot (image/png) ──────────────────────────────────────────────────────────
    ../../test-results/dashboard-dashboard-home-D-47028-sive-design-mobile-viewport-chromium/test-failed-1.png
    ────────────────────────────────────────────────────────────────────────────────────────────────

    Error Context: ../../test-results/dashboard-dashboard-home-D-47028-sive-design-mobile-viewport-chromium/error-context.md
]]>
</failure>
<system-out>
<![CDATA[
[[ATTACHMENT|../tests/e2e/dashboard/dashboard-home.spec.ts-snapshots/dashboard-home-mobile-chromium-darwin.png]]

[[ATTACHMENT|dashboard-dashboard-home-D-47028-sive-design-mobile-viewport-chromium/dashboard-home-mobile-actual.png]]

[[ATTACHMENT|dashboard-dashboard-home-D-47028-sive-design-mobile-viewport-chromium/dashboard-home-mobile-diff.png]]

[[ATTACHMENT|dashboard-dashboard-home-D-47028-sive-design-mobile-viewport-chromium/test-failed-1.png]]

[[ATTACHMENT|dashboard-dashboard-home-D-47028-sive-design-mobile-viewport-chromium/error-context.md]]
]]>
</system-out>
</testcase>
<testcase name="Dashboard Home Page › responsive design: tablet viewport" classname="dashboard/dashboard-home.spec.ts" time="3.674">
<failure message="dashboard-home.spec.ts:102:3 responsive design: tablet viewport" type="FAILURE">
<![CDATA[  [chromium] › dashboard/dashboard-home.spec.ts:102:3 › Dashboard Home Page › responsive design: tablet viewport 

    Error: expect(page).toHaveScreenshot(expected) failed

      324176 pixels (ratio 0.42 of all image pixels) are different.

      Snapshot: dashboard-home-tablet.png

    Call log:
      - Expect "toHaveScreenshot(dashboard-home-tablet.png)" with timeout 10000ms
        - verifying given screenshot expectation
      - taking page screenshot
        - disabled all CSS animations
      - waiting for fonts to load...
      - fonts loaded
      - 324176 pixels (ratio 0.42 of all image pixels) are different.
      - waiting 100ms before taking screenshot
      - taking page screenshot
        - disabled all CSS animations
      - waiting for fonts to load...
      - fonts loaded
      - captured a stable screenshot
      - 324176 pixels (ratio 0.42 of all image pixels) are different.


       at utils/test-helpers.ts:33

      31 |
      32 |   async expectVisualRegression(name: string, options?: { threshold?: number; maxDiffPixels?: number }) {
    > 33 |     await expect(this.page).toHaveScreenshot(`${name}.png`, {
         |                             ^
      34 |       threshold: options?.threshold || 0.02,
      35 |       maxDiffPixels: options?.maxDiffPixels || 100,
      36 |     });
        at DashboardHelpers.expectVisualRegression (/Users/jmh629/Projects/Fresco/tests/e2e/utils/test-helpers.ts:33:29)
        at /Users/jmh629/Projects/Fresco/tests/e2e/dashboard/dashboard-home.spec.ts:110:28

    attachment #1: dashboard-home-tablet (image/png) ───────────────────────────────────────────────
    Expected: dashboard/dashboard-home.spec.ts-snapshots/dashboard-home-tablet-chromium-darwin.png
    Received: ../../test-results/dashboard-dashboard-home-D-a2cbd-sive-design-tablet-viewport-chromium/dashboard-home-tablet-actual.png
    Diff:     ../../test-results/dashboard-dashboard-home-D-a2cbd-sive-design-tablet-viewport-chromium/dashboard-home-tablet-diff.png
    ────────────────────────────────────────────────────────────────────────────────────────────────

    attachment #2: screenshot (image/png) ──────────────────────────────────────────────────────────
    ../../test-results/dashboard-dashboard-home-D-a2cbd-sive-design-tablet-viewport-chromium/test-failed-1.png
    ────────────────────────────────────────────────────────────────────────────────────────────────

    Error Context: ../../test-results/dashboard-dashboard-home-D-a2cbd-sive-design-tablet-viewport-chromium/error-context.md
]]>
</failure>
<system-out>
<![CDATA[
[[ATTACHMENT|../tests/e2e/dashboard/dashboard-home.spec.ts-snapshots/dashboard-home-tablet-chromium-darwin.png]]

[[ATTACHMENT|dashboard-dashboard-home-D-a2cbd-sive-design-tablet-viewport-chromium/dashboard-home-tablet-actual.png]]

[[ATTACHMENT|dashboard-dashboard-home-D-a2cbd-sive-design-tablet-viewport-chromium/dashboard-home-tablet-diff.png]]

[[ATTACHMENT|dashboard-dashboard-home-D-a2cbd-sive-design-tablet-viewport-chromium/test-failed-1.png]]

[[ATTACHMENT|dashboard-dashboard-home-D-a2cbd-sive-design-tablet-viewport-chromium/error-context.md]]
]]>
</system-out>
</testcase>
</testsuite>
<testsuite name="dashboard/interviews.spec.ts" timestamp="2025-08-29T08:39:11.845Z" hostname="chromium" tests="9" failures="2" skipped="0" time="19.52" errors="0">
<testcase name="Dashboard Interviews Page › should display interviews page" classname="dashboard/interviews.spec.ts" time="1.398">
</testcase>
<testcase name="Dashboard Interviews Page › should display interviews table when interviews exist" classname="dashboard/interviews.spec.ts" time="1.431">
</testcase>
<testcase name="Dashboard Interviews Page › should have interview export functionality" classname="dashboard/interviews.spec.ts" time="1.377">
</testcase>
<testcase name="Dashboard Interviews Page › visual regression: interviews page" classname="dashboard/interviews.spec.ts" time="2.71">
<failure message="interviews.spec.ts:59:3 visual regression: interviews page" type="FAILURE">
<![CDATA[  [chromium] › dashboard/interviews.spec.ts:59:3 › Dashboard Interviews Page › visual regression: interviews page 

    Error: expect(page).toHaveScreenshot(expected) failed

      5844 pixels (ratio 0.01 of all image pixels) are different.

      Snapshot: interviews-page-full.png

    Call log:
      - Expect "toHaveScreenshot(interviews-page-full.png)" with timeout 10000ms
        - verifying given screenshot expectation
      - taking page screenshot
        - disabled all CSS animations
      - waiting for fonts to load...
      - fonts loaded
      - 5844 pixels (ratio 0.01 of all image pixels) are different.
      - waiting 100ms before taking screenshot
      - taking page screenshot
        - disabled all CSS animations
      - waiting for fonts to load...
      - fonts loaded
      - captured a stable screenshot
      - 5844 pixels (ratio 0.01 of all image pixels) are different.


       at utils/test-helpers.ts:33

      31 |
      32 |   async expectVisualRegression(name: string, options?: { threshold?: number; maxDiffPixels?: number }) {
    > 33 |     await expect(this.page).toHaveScreenshot(`${name}.png`, {
         |                             ^
      34 |       threshold: options?.threshold || 0.02,
      35 |       maxDiffPixels: options?.maxDiffPixels || 100,
      36 |     });
        at DashboardHelpers.expectVisualRegression (/Users/jmh629/Projects/Fresco/tests/e2e/utils/test-helpers.ts:33:29)
        at /Users/jmh629/Projects/Fresco/tests/e2e/dashboard/interviews.spec.ts:63:28

    attachment #1: interviews-page-full (image/png) ────────────────────────────────────────────────
    Expected: dashboard/interviews.spec.ts-snapshots/interviews-page-full-chromium-darwin.png
    Received: ../../test-results/dashboard-interviews-Dashb-4209b--regression-interviews-page-chromium/interviews-page-full-actual.png
    Diff:     ../../test-results/dashboard-interviews-Dashb-4209b--regression-interviews-page-chromium/interviews-page-full-diff.png
    ────────────────────────────────────────────────────────────────────────────────────────────────

    attachment #2: screenshot (image/png) ──────────────────────────────────────────────────────────
    ../../test-results/dashboard-interviews-Dashb-4209b--regression-interviews-page-chromium/test-failed-1.png
    ────────────────────────────────────────────────────────────────────────────────────────────────

    Error Context: ../../test-results/dashboard-interviews-Dashb-4209b--regression-interviews-page-chromium/error-context.md
]]>
</failure>
<system-out>
<![CDATA[
[[ATTACHMENT|../tests/e2e/dashboard/interviews.spec.ts-snapshots/interviews-page-full-chromium-darwin.png]]

[[ATTACHMENT|dashboard-interviews-Dashb-4209b--regression-interviews-page-chromium/interviews-page-full-actual.png]]

[[ATTACHMENT|dashboard-interviews-Dashb-4209b--regression-interviews-page-chromium/interviews-page-full-diff.png]]

[[ATTACHMENT|dashboard-interviews-Dashb-4209b--regression-interviews-page-chromium/test-failed-1.png]]

[[ATTACHMENT|dashboard-interviews-Dashb-4209b--regression-interviews-page-chromium/error-context.md]]
]]>
</system-out>
</testcase>
<testcase name="Dashboard Interviews Page › visual regression: interviews table" classname="dashboard/interviews.spec.ts" time="2.583">
</testcase>
<testcase name="Dashboard Interviews Page › should handle interview actions" classname="dashboard/interviews.spec.ts" time="1.844">
</testcase>
<testcase name="Dashboard Interviews Page › should display network summary when available" classname="dashboard/interviews.spec.ts" time="1.814">
</testcase>
<testcase name="Dashboard Interviews Page › should open export dialog" classname="dashboard/interviews.spec.ts" time="2.163">
</testcase>
<testcase name="Dashboard Interviews Page › responsive design: mobile interviews view" classname="dashboard/interviews.spec.ts" time="4.2">
<failure message="interviews.spec.ts:158:3 responsive design: mobile interviews view" type="FAILURE">
<![CDATA[  [chromium] › dashboard/interviews.spec.ts:158:3 › Dashboard Interviews Page › responsive design: mobile interviews view 

    Error: expect(page).toHaveScreenshot(expected) failed

      21980 pixels (ratio 0.09 of all image pixels) are different.

      Snapshot: interviews-page-mobile.png

    Call log:
      - Expect "toHaveScreenshot(interviews-page-mobile.png)" with timeout 10000ms
        - verifying given screenshot expectation
      - taking page screenshot
        - disabled all CSS animations
      - waiting for fonts to load...
      - fonts loaded
      - 21980 pixels (ratio 0.09 of all image pixels) are different.
      - waiting 100ms before taking screenshot
      - taking page screenshot
        - disabled all CSS animations
      - waiting for fonts to load...
      - fonts loaded
      - captured a stable screenshot
      - 21980 pixels (ratio 0.09 of all image pixels) are different.


       at utils/test-helpers.ts:33

      31 |
      32 |   async expectVisualRegression(name: string, options?: { threshold?: number; maxDiffPixels?: number }) {
    > 33 |     await expect(this.page).toHaveScreenshot(`${name}.png`, {
         |                             ^
      34 |       threshold: options?.threshold || 0.02,
      35 |       maxDiffPixels: options?.maxDiffPixels || 100,
      36 |     });
        at DashboardHelpers.expectVisualRegression (/Users/jmh629/Projects/Fresco/tests/e2e/utils/test-helpers.ts:33:29)
        at /Users/jmh629/Projects/Fresco/tests/e2e/dashboard/interviews.spec.ts:163:28

    attachment #1: interviews-page-mobile (image/png) ──────────────────────────────────────────────
    Expected: dashboard/interviews.spec.ts-snapshots/interviews-page-mobile-chromium-darwin.png
    Received: ../../test-results/dashboard-interviews-Dashb-2be19-sign-mobile-interviews-view-chromium/interviews-page-mobile-actual.png
    Diff:     ../../test-results/dashboard-interviews-Dashb-2be19-sign-mobile-interviews-view-chromium/interviews-page-mobile-diff.png
    ────────────────────────────────────────────────────────────────────────────────────────────────

    attachment #2: screenshot (image/png) ──────────────────────────────────────────────────────────
    ../../test-results/dashboard-interviews-Dashb-2be19-sign-mobile-interviews-view-chromium/test-failed-1.png
    ────────────────────────────────────────────────────────────────────────────────────────────────

    Error Context: ../../test-results/dashboard-interviews-Dashb-2be19-sign-mobile-interviews-view-chromium/error-context.md
]]>
</failure>
<system-out>
<![CDATA[
[[ATTACHMENT|../tests/e2e/dashboard/interviews.spec.ts-snapshots/interviews-page-mobile-chromium-darwin.png]]

[[ATTACHMENT|dashboard-interviews-Dashb-2be19-sign-mobile-interviews-view-chromium/interviews-page-mobile-actual.png]]

[[ATTACHMENT|dashboard-interviews-Dashb-2be19-sign-mobile-interviews-view-chromium/interviews-page-mobile-diff.png]]

[[ATTACHMENT|dashboard-interviews-Dashb-2be19-sign-mobile-interviews-view-chromium/test-failed-1.png]]

[[ATTACHMENT|dashboard-interviews-Dashb-2be19-sign-mobile-interviews-view-chromium/error-context.md]]
]]>
</system-out>
</testcase>
</testsuite>
<testsuite name="dashboard/participants.spec.ts" timestamp="2025-08-29T08:39:11.845Z" hostname="chromium" tests="9" failures="0" skipped="1" time="23.122" errors="0">
<testcase name="Dashboard Participants Page › should display participants page" classname="dashboard/participants.spec.ts" time="1.516">
</testcase>
<testcase name="Dashboard Participants Page › should display participants table when participants exist" classname="dashboard/participants.spec.ts" time="2.214">
</testcase>
<testcase name="Dashboard Participants Page › should have participant management functionality" classname="dashboard/participants.spec.ts" time="2.105">
</testcase>
<testcase name="Dashboard Participants Page › should have import/export functionality" classname="dashboard/participants.spec.ts" time="1.833">
</testcase>
<testcase name="Dashboard Participants Page › visual regression: participants page" classname="dashboard/participants.spec.ts" time="3.559">
</testcase>
<testcase name="Dashboard Participants Page › visual regression: participants table" classname="dashboard/participants.spec.ts" time="3.411">
</testcase>
<testcase name="Dashboard Participants Page › should handle participant actions" classname="dashboard/participants.spec.ts" time="2.316">
<properties>
<property name="skip" value="No participant action buttons found">
</property>
</properties>
<skipped>
</skipped>
</testcase>
<testcase name="Dashboard Participants Page › should open add participant modal" classname="dashboard/participants.spec.ts" time="2.354">
</testcase>
<testcase name="Dashboard Participants Page › responsive design: mobile participants view" classname="dashboard/participants.spec.ts" time="3.814">
</testcase>
</testsuite>
<testsuite name="dashboard/protocols.spec.ts" timestamp="2025-08-29T08:39:11.845Z" hostname="chromium" tests="7" failures="0" skipped="1" time="16.137" errors="0">
<testcase name="Dashboard Protocols Page › should display protocols page" classname="dashboard/protocols.spec.ts" time="1.146">
</testcase>
<testcase name="Dashboard Protocols Page › should display protocols table when protocols exist" classname="dashboard/protocols.spec.ts" time="2.174">
</testcase>
<testcase name="Dashboard Protocols Page › should have protocol upload functionality" classname="dashboard/protocols.spec.ts" time="2.092">
</testcase>
<testcase name="Dashboard Protocols Page › visual regression: protocols page" classname="dashboard/protocols.spec.ts" time="2.597">
</testcase>
<testcase name="Dashboard Protocols Page › visual regression: protocols table" classname="dashboard/protocols.spec.ts" time="2.43">
</testcase>
<testcase name="Dashboard Protocols Page › should handle protocol actions menu" classname="dashboard/protocols.spec.ts" time="1.703">
<properties>
<property name="skip" value="No protocol action buttons found - skipping test">
</property>
</properties>
<skipped>
</skipped>
</testcase>
<testcase name="Dashboard Protocols Page › responsive design: mobile protocols view" classname="dashboard/protocols.spec.ts" time="3.995">
</testcase>
</testsuite>
<testsuite name="dashboard/settings.spec.ts" timestamp="2025-08-29T08:39:11.845Z" hostname="chromium" tests="9" failures="0" skipped="0" time="14.905" errors="0">
<testcase name="Dashboard Settings Page › should display settings page" classname="dashboard/settings.spec.ts" time="1.551">
</testcase>
<testcase name="Dashboard Settings Page › should display settings form fields" classname="dashboard/settings.spec.ts" time="1.276">
</testcase>
<testcase name="Dashboard Settings Page › should have installation ID field" classname="dashboard/settings.spec.ts" time="1.231">
</testcase>
<testcase name="Dashboard Settings Page › should have UploadThing token field" classname="dashboard/settings.spec.ts" time="1.248">
</testcase>
<testcase name="Dashboard Settings Page › visual regression: settings page" classname="dashboard/settings.spec.ts" time="1.787">
</testcase>
<testcase name="Dashboard Settings Page › should show save/update buttons" classname="dashboard/settings.spec.ts" time="1.528">
</testcase>
<testcase name="Dashboard Settings Page › should display environment warnings if applicable" classname="dashboard/settings.spec.ts" time="1.497">
</testcase>
<testcase name="Dashboard Settings Page › should handle form validation" classname="dashboard/settings.spec.ts" time="1.427">
</testcase>
<testcase name="Dashboard Settings Page › responsive design: mobile settings view" classname="dashboard/settings.spec.ts" time="3.36">
</testcase>
</testsuite>
<testsuite name="dashboard/smoke.spec.ts" timestamp="2025-08-29T08:39:11.845Z" hostname="chromium" tests="6" failures="1" skipped="0" time="19.357" errors="0">
<testcase name="Dashboard Smoke Tests › authentication flow and dashboard access" classname="dashboard/smoke.spec.ts" time="0.689">
</testcase>
<testcase name="Dashboard Smoke Tests › dashboard navigation smoke test" classname="dashboard/smoke.spec.ts" time="6.61">
</testcase>
<testcase name="Dashboard Smoke Tests › basic functionality smoke test" classname="dashboard/smoke.spec.ts" time="1.671">
</testcase>
<testcase name="Dashboard Smoke Tests › page load performance" classname="dashboard/smoke.spec.ts" time="5.871">
</testcase>
<testcase name="Dashboard Smoke Tests › responsive layout smoke test" classname="dashboard/smoke.spec.ts" time="3.173">
<failure message="smoke.spec.ts:109:3 responsive layout smoke test" type="FAILURE">
<![CDATA[  [chromium] › dashboard/smoke.spec.ts:109:3 › Dashboard Smoke Tests › responsive layout smoke test 

    Error: expect(received).toBeLessThanOrEqual(expected)

    Expected: <= 395
    Received:    641

      160 |           
      161 |           // Fail the test - mobile layouts should be responsive
    > 162 |           expect(bodyWidth).toBeLessThanOrEqual(maxAllowedWidth);
          |                             ^
      163 |         }
      164 |       }
      165 |     }
        at /Users/jmh629/Projects/Fresco/tests/e2e/dashboard/smoke.spec.ts:162:29

    attachment #1: screenshot (image/png) ──────────────────────────────────────────────────────────
    ../../test-results/dashboard-smoke-Dashboard--d9e65-esponsive-layout-smoke-test-chromium/test-failed-1.png
    ────────────────────────────────────────────────────────────────────────────────────────────────

    Error Context: ../../test-results/dashboard-smoke-Dashboard--d9e65-esponsive-layout-smoke-test-chromium/error-context.md
]]>
</failure>
<system-out>
<![CDATA[
[[ATTACHMENT|dashboard-smoke-Dashboard--d9e65-esponsive-layout-smoke-test-chromium/test-failed-1.png]]

[[ATTACHMENT|dashboard-smoke-Dashboard--d9e65-esponsive-layout-smoke-test-chromium/error-context.md]]
]]>
</system-out>
<system-err>
<![CDATA[Mobile layout overflow: 266px overflow on 375px viewport
Elements causing overflow: [
  { tag: [32m'HTML'[39m, class: [32m''[39m, id: [32m''[39m, width: [33m641[39m },
  {
    tag: [32m'BODY'[39m,
    class: [32m'__className_e9c9f6 antialiased'[39m,
    id: [32m''[39m,
    width: [33m641[39m
  },
  {
    tag: [32m'NAV'[39m,
    class: [32m'bg-cyber-grape flex items-center justify-between gap-4 px-4 py-3'[39m,
    id: [32m''[39m,
    width: [33m641[39m
  }
]
]]>
</system-err>
</testcase>
<testcase name="Dashboard Smoke Tests › accessibility smoke test" classname="dashboard/smoke.spec.ts" time="1.343">
<system-err>
<![CDATA[Multiple h1 elements found (4). Consider using a single h1 per page.
Potential color contrast issues: [
  [32m'Element 24: White text on white/transparent background'[39m,
  [32m'Element 25: White text on white/transparent background'[39m,
  [32m'Element 28: White text on white/transparent background'[39m,
  [32m'Element 31: White text on white/transparent background'[39m,
  [32m'Element 33: White text on white/transparent background'[39m
]
]]>
</system-err>
</testcase>
</testsuite>
</testsuites>